<?xml version="1.0" encoding="UTF-8"?>
<!-- Generated by org.testng.reporters.JUnitXMLReporter -->
<testsuite hostname="user-PC" ignored="0" name="Test" tests="1" failures="1" timestamp="04 Jun 2020 04:13:34 GMT" time="103.258" errors="0">
  <testcase name="Signup1" time="10.619" classname="com.testdemo.TestDemo">
    <failure type="java.lang.NullPointerException">
      <![CDATA[java.lang.NullPointerException
at com.generics.ExcelLibraryDemo.getcellvalue(ExcelLibraryDemo.java:13)
at com.pomdemo.POMfbLofin.signupMethod(POMfbLofin.java:50)
at com.testdemo.TestDemo.Signup1(TestDemo.java:16)
... Removed 25 stack frames]]>
    </failure>
  </testcase> <!-- Signup1 -->
</testsuite> <!-- Test -->
